Arguments: 
  C:\Program Files\nodejs\node.exe C:\Program Files (x86)\Yarn\bin\yarn.js dev

PATH: 
  C:\Program Files\Git\mingw64\bin;C:\Program Files\Git\usr\bin;C:\Users\vmt_9\bin;C:\Program Files\MongoDB\Server\3.6\bin;C:\Program Files (x86)\Intel\iCLS Client;C:\Program Files\Intel\iCLS Client;C:\WINDOWS\system32;C:\WINDOWS;C:\WINDOWS\System32\Wbem;C:\WINDOWS\System32\WindowsPowerShell\v1.0;C:\Program Files (x86)\Intel\Intel(R) Management Engine Components\DAL;C:\Program Files\Intel\Intel(R) Management Engine Components\DAL;C:\Program Files (x86)\Intel\Intel(R) Management Engine Components\IPT;C:\Program Files\Intel\Intel(R) Management Engine Components\IPT;C:\Program Files\Intel\WiFi\bin;C:\Program Files\Common Files\Intel\WirelessCommon;C:\Program Files (x86)\Skype\Phone;C:\xampp\php;C:\ProgramData\ComposerSetup\bin;C:\Program Files\nodejs;C:\Program Files (x86)\Yarn\bin;C:\WINDOWS\System32\OpenSSH;C:\Program Files\Intel\WiFi\bin;C:\Program Files\Common Files\Intel\WirelessCommon;C:\Users\vmt_9\AppData\Local\Microsoft\WindowsApps;C:\Users\vmt_9\AppData\Roaming\Composer\vendor\bin;C:\Program Files (x86)\Microsoft VS Code\bin;C:\Users\vmt_9\AppData\Roaming\npm;C:\Program Files\Heroku\bin;C:\Users\vmt_9\AppData\Local\GitHubDesktop\bin;C:\Users\vmt_9\AppData\Local\Yarn\bin;%USERPROFILE%\AppData\Local\Microsoft\WindowsApps

Yarn version: 
  1.5.1

Node version: 
  8.9.4

Platform: 
  win32 x64

npm manifest: 
  {
    "name": "todomanagement",
    "version": "1.0.0",
    "description": "todo magement app",
    "main": "index.js",
    "scripts": {
      "start": "node index.js",
      "server": "nodemon index.js",
      "client": "npm start --prefix client",
      "dev": "concurrently \"npm run server\" \"npm run client\"",
      "heroku-postbuild": "NPM_CONFIG_PRODUCTION=false npm install --prefix client && npm run build --prefix client"
    },
    "author": "Vmt_91",
    "license": "MIT",
    "dependencies": {
      "bcryptjs": "^2.4.3",
      "body-parser": "^1.18.3",
      "express": "^4.16.3",
      "jsonwebtoken": "^8.3.0",
      "moment": "^2.22.2",
      "mongoose": "^5.1.7",
      "passport": "^0.4.0",
      "passport-jwt": "^4.0.0",
      "validator": "^10.4.0"
    }
  }

yarn manifest: 
  No manifest

Lockfile: 
  No lockfile

Trace: 
  Error: Command failed.
  Exit code: 1
  Command: C:\WINDOWS\system32\cmd.exe
  Arguments: /d /s /c concurrently "npm run server" "npm run client"
  Directory: C:\Users\vmt_9\Desktop\react\node with react\Project\TodoManagement
  Output:
  
      at ProcessTermError.MessageError (C:\Program Files (x86)\Yarn\lib\cli.js:186:110)
      at new ProcessTermError (C:\Program Files (x86)\Yarn\lib\cli.js:226:113)
      at ChildProcess.<anonymous> (C:\Program Files (x86)\Yarn\lib\cli.js:30281:17)
      at emitTwo (events.js:126:13)
      at ChildProcess.emit (events.js:214:7)
      at maybeClose (internal/child_process.js:925:16)
      at Process.ChildProcess._handle.onexit (internal/child_process.js:209:5)
